Performing C SOURCE FILE Test CMAKE_HAVE_LIBC_PTHREAD failed with the following output:
Change Dir: /home/samuel/Documents/cProgramming/glfwTesting/CMakeFiles/CMakeTmp

Run Build Command(s):/usr/bin/make cmTC_d1c96/fast && /usr/bin/make -f CMakeFiles/cmTC_d1c96.dir/build.make CMakeFiles/cmTC_d1c96.dir/build
make[1]: Entering directory '/home/samuel/Documents/cProgramming/glfwTesting/CMakeFiles/CMakeTmp'
Building C object CMakeFiles/cmTC_d1c96.dir/src.c.o
/usr/bin/cc   -DCMAKE_HAVE_LIBC_PTHREAD   -o CMakeFiles/cmTC_d1c96.dir/src.c.o   -c /home/samuel/Documents/cProgramming/glfwTesting/CMakeFiles/CMakeTmp/src.c
Linking C executable cmTC_d1c96
/usr/bin/cmake -E cmake_link_script CMakeFiles/cmTC_d1c96.dir/link.txt --verbose=1
/usr/bin/cc  -DCMAKE_HAVE_LIBC_PTHREAD    -rdynamic CMakeFiles/cmTC_d1c96.dir/src.c.o  -o cmTC_d1c96 
/usr/bin/ld: CMakeFiles/cmTC_d1c96.dir/src.c.o: in function `main':
src.c:(.text+0x46): undefined reference to `pthread_create'
/usr/bin/ld: src.c:(.text+0x52): undefined reference to `pthread_detach'
/usr/bin/ld: src.c:(.text+0x63): undefined reference to `pthread_join'
collect2: error: ld returned 1 exit status
make[1]: *** [CMakeFiles/cmTC_d1c96.dir/build.make:87: cmTC_d1c96] Error 1
make[1]: Leaving directory '/home/samuel/Documents/cProgramming/glfwTesting/CMakeFiles/CMakeTmp'
make: *** [Makefile:121: cmTC_d1c96/fast] Error 2


Source file was:
#include <pthread.h>

void* test_func(void* data)
{
  return data;
}

int main(void)
{
  pthread_t thread;
  pthread_create(&thread, NULL, test_func, NULL);
  pthread_detach(thread);
  pthread_join(thread, NULL);
  pthread_atfork(NULL, NULL, NULL);
  pthread_exit(NULL);

  return 0;
}

Determining if the function pthread_create exists in the pthreads failed with the following output:
Change Dir: /home/samuel/Documents/cProgramming/glfwTesting/CMakeFiles/CMakeTmp

Run Build Command(s):/usr/bin/make cmTC_40b83/fast && /usr/bin/make -f CMakeFiles/cmTC_40b83.dir/build.make CMakeFiles/cmTC_40b83.dir/build
make[1]: Entering directory '/home/samuel/Documents/cProgramming/glfwTesting/CMakeFiles/CMakeTmp'
Building C object CMakeFiles/cmTC_40b83.dir/CheckFunctionExists.c.o
/usr/bin/cc   -DCHECK_FUNCTION_EXISTS=pthread_create   -o CMakeFiles/cmTC_40b83.dir/CheckFunctionExists.c.o   -c /usr/share/cmake-3.16/Modules/CheckFunctionExists.c
Linking C executable cmTC_40b83
/usr/bin/cmake -E cmake_link_script CMakeFiles/cmTC_40b83.dir/link.txt --verbose=1
/usr/bin/cc  -DCHECK_FUNCTION_EXISTS=pthread_create    -rdynamic CMakeFiles/cmTC_40b83.dir/CheckFunctionExists.c.o  -o cmTC_40b83  -lpthreads 
/usr/bin/ld: cannot find -lpthreads
collect2: error: ld returned 1 exit status
make[1]: *** [CMakeFiles/cmTC_40b83.dir/build.make:87: cmTC_40b83] Error 1
make[1]: Leaving directory '/home/samuel/Documents/cProgramming/glfwTesting/CMakeFiles/CMakeTmp'
make: *** [Makefile:121: cmTC_40b83/fast] Error 2



Performing C SOURCE FILE Test CMAKE_HAVE_LIBC_PTHREAD failed with the following output:
Change Dir: /home/samuel/Documents/cProgramming/glfwTesting/CMakeFiles/CMakeTmp

Run Build Command(s):/usr/bin/make cmTC_8f783/fast && /usr/bin/make -f CMakeFiles/cmTC_8f783.dir/build.make CMakeFiles/cmTC_8f783.dir/build
make[1]: Entering directory '/home/samuel/Documents/cProgramming/glfwTesting/CMakeFiles/CMakeTmp'
Building C object CMakeFiles/cmTC_8f783.dir/src.c.o
/usr/bin/cc   -DCMAKE_HAVE_LIBC_PTHREAD   -o CMakeFiles/cmTC_8f783.dir/src.c.o   -c /home/samuel/Documents/cProgramming/glfwTesting/CMakeFiles/CMakeTmp/src.c
Linking C executable cmTC_8f783
/usr/bin/cmake -E cmake_link_script CMakeFiles/cmTC_8f783.dir/link.txt --verbose=1
/usr/bin/cc  -DCMAKE_HAVE_LIBC_PTHREAD    -rdynamic CMakeFiles/cmTC_8f783.dir/src.c.o  -o cmTC_8f783 
/usr/bin/ld: CMakeFiles/cmTC_8f783.dir/src.c.o: in function `main':
src.c:(.text+0x46): undefined reference to `pthread_create'
/usr/bin/ld: src.c:(.text+0x52): undefined reference to `pthread_detach'
/usr/bin/ld: src.c:(.text+0x63): undefined reference to `pthread_join'
collect2: error: ld returned 1 exit status
make[1]: *** [CMakeFiles/cmTC_8f783.dir/build.make:87: cmTC_8f783] Error 1
make[1]: Leaving directory '/home/samuel/Documents/cProgramming/glfwTesting/CMakeFiles/CMakeTmp'
make: *** [Makefile:121: cmTC_8f783/fast] Error 2


Source file was:
#include <pthread.h>

void* test_func(void* data)
{
  return data;
}

int main(void)
{
  pthread_t thread;
  pthread_create(&thread, NULL, test_func, NULL);
  pthread_detach(thread);
  pthread_join(thread, NULL);
  pthread_atfork(NULL, NULL, NULL);
  pthread_exit(NULL);

  return 0;
}

Determining if the function pthread_create exists in the pthreads failed with the following output:
Change Dir: /home/samuel/Documents/cProgramming/glfwTesting/CMakeFiles/CMakeTmp

Run Build Command(s):/usr/bin/make cmTC_c406b/fast && /usr/bin/make -f CMakeFiles/cmTC_c406b.dir/build.make CMakeFiles/cmTC_c406b.dir/build
make[1]: Entering directory '/home/samuel/Documents/cProgramming/glfwTesting/CMakeFiles/CMakeTmp'
Building C object CMakeFiles/cmTC_c406b.dir/CheckFunctionExists.c.o
/usr/bin/cc   -DCHECK_FUNCTION_EXISTS=pthread_create   -o CMakeFiles/cmTC_c406b.dir/CheckFunctionExists.c.o   -c /usr/share/cmake-3.16/Modules/CheckFunctionExists.c
Linking C executable cmTC_c406b
/usr/bin/cmake -E cmake_link_script CMakeFiles/cmTC_c406b.dir/link.txt --verbose=1
/usr/bin/cc  -DCHECK_FUNCTION_EXISTS=pthread_create    -rdynamic CMakeFiles/cmTC_c406b.dir/CheckFunctionExists.c.o  -o cmTC_c406b  -lpthreads 
/usr/bin/ld: cannot find -lpthreads
collect2: error: ld returned 1 exit status
make[1]: *** [CMakeFiles/cmTC_c406b.dir/build.make:87: cmTC_c406b] Error 1
make[1]: Leaving directory '/home/samuel/Documents/cProgramming/glfwTesting/CMakeFiles/CMakeTmp'
make: *** [Makefile:121: cmTC_c406b/fast] Error 2



Compiling the C compiler identification source file "CMakeCCompilerId.c" failed.
Compiler: /Library/Developer/CommandLineTools/usr/bin/cc 
Build flags: 
Id flags:  

The output was:
1
ld: library not found for -lSystem
clang: error: linker command failed with exit code 1 (use -v to see invocation)


Compiling the CXX compiler identification source file "CMakeCXXCompilerId.cpp" failed.
Compiler: /Library/Developer/CommandLineTools/usr/bin/c++ 
Build flags: 
Id flags:  

The output was:
1
ld: library not found for -lc++
clang: error: linker command failed with exit code 1 (use -v to see invocation)


